09:46:46.645 [main] DEBUG com.lottery.config.LotteryConfig - kieSession sikeresen l√©trej√∂tt
09:46:46.786 [main] DEBUG com.lottery.config.LotteryConfig - Average Time Between Two Match Five Draws fut√°s: INDUL
09:46:46.801 [main] DEBUG com.lottery.config.LotteryConfig - findAverageTimeBetweenTwoFiveMatchDraws fut√°s: INDUL
09:46:46.801 [main] DEBUG com.lottery.config.LotteryConfig - findAverageTimeBetweenTwoFiveMatchDraws fut√°s: V√âGE
09:46:46.801 [main] DEBUG com.lottery.config.LotteryConfig - Average Time Between Two Match Five Draws fut√°s: V√âGE
09:46:48.317 [main] DEBUG com.lottery.config.LotteryConfig - kieSession sikeresen l√©trej√∂tt
09:46:48.317 [main] DEBUG com.lottery.config.LotteryConfig - Average Time Between Two Match Five Draws fut√°s: INDUL
09:46:48.333 [main] DEBUG com.lottery.config.LotteryConfig - findAverageTimeBetweenTwoFiveMatchDraws fut√°s: INDUL
09:46:48.333 [main] DEBUG com.lottery.config.LotteryConfig - findAverageTimeBetweenTwoFiveMatchDraws fut√°s: V√âGE
09:46:48.333 [main] DEBUG com.lottery.config.LotteryConfig - Average Time Between Two Match Five Draws fut√°s: V√âGE
09:46:49.390 [main] DEBUG com.lottery.config.LotteryConfig - kieSession sikeresen l√©trej√∂tt
09:46:49.390 [main] DEBUG com.lottery.config.LotteryConfig - Average Time Between Two Match Five Draws fut√°s: INDUL
09:46:49.390 [main] DEBUG com.lottery.config.LotteryConfig - findAverageTimeBetweenTwoFiveMatchDraws fut√°s: INDUL
09:46:49.405 [main] DEBUG com.lottery.config.LotteryConfig - findAverageTimeBetweenTwoFiveMatchDraws fut√°s: V√âGE
09:46:49.405 [main] DEBUG com.lottery.config.LotteryConfig - Average Time Between Two Match Five Draws fut√°s: V√âGE
09:46:50.233 [main] DEBUG com.lottery.config.LotteryConfig - kieSession sikeresen l√©trej√∂tt
09:46:50.249 [main] DEBUG com.lottery.config.LotteryConfig - Average Time Between Two Match Five Draws fut√°s: INDUL
09:46:50.249 [main] DEBUG com.lottery.config.LotteryConfig - findAverageTimeBetweenTwoFiveMatchDraws fut√°s: INDUL
09:46:50.249 [main] DEBUG com.lottery.config.LotteryConfig - findAverageTimeBetweenTwoFiveMatchDraws fut√°s: V√âGE
09:46:50.249 [main] DEBUG com.lottery.config.LotteryConfig - Average Time Between Two Match Five Draws fut√°s: V√âGE
09:46:51.067 [main] DEBUG com.lottery.config.LotteryConfig - kieSession sikeresen l√©trej√∂tt
09:46:51.067 [main] DEBUG com.lottery.config.LotteryConfig - Average Time Between Two Match Five Draws fut√°s: INDUL
09:46:51.067 [main] DEBUG com.lottery.config.LotteryConfig - findAverageTimeBetweenTwoFiveMatchDraws fut√°s: INDUL
09:46:51.067 [main] DEBUG com.lottery.config.LotteryConfig - findAverageTimeBetweenTwoFiveMatchDraws fut√°s: V√âGE
09:46:51.067 [main] DEBUG com.lottery.config.LotteryConfig - Average Time Between Two Match Five Draws fut√°s: V√âGE
09:46:51.958 [main] DEBUG com.lottery.config.LotteryConfig - kieSession sikeresen l√©trej√∂tt
09:46:51.973 [main] DEBUG com.lottery.config.LotteryConfig - Average Time Between Two Match Five Draws fut√°s: INDUL
09:46:51.973 [main] DEBUG com.lottery.config.LotteryConfig - findAverageTimeBetweenTwoFiveMatchDraws fut√°s: INDUL
09:46:51.973 [main] DEBUG com.lottery.config.LotteryConfig - findAverageTimeBetweenTwoFiveMatchDraws fut√°s: V√âGE
09:46:51.973 [main] DEBUG com.lottery.config.LotteryConfig - Average Time Between Two Match Five Draws fut√°s: V√âGE
09:46:52.661 [main] DEBUG com.lottery.config.LotteryConfig - kieSession sikeresen l√©trej√∂tt
09:46:52.692 [main] DEBUG com.lottery.config.LotteryConfig - Result objektum felt√∂lt√©se a lott√≥sz√°mok √°tlag√°val
09:46:52.692 [main] DEBUG com.lottery.config.LotteryConfig - Result objektum felt√∂lt√©se a lott√≥sz√°mok √°tlag√°val
09:46:53.370 [main] DEBUG com.lottery.config.LotteryConfig - kieSession sikeresen l√©trej√∂tt
09:46:53.386 [main] DEBUG com.lottery.config.LotteryConfig - Result objektum felt√∂lt√©se a lott√≥sz√°mok √°tlag√°val
09:46:53.964 [main] DEBUG com.lottery.config.LotteryConfig - kieSession sikeresen l√©trej√∂tt
09:46:53.964 [main] DEBUG com.lottery.config.LotteryConfig - Result objektum felt√∂lt√©se a lott√≥sz√°mok √°tlag√°val
09:46:53.964 [main] DEBUG com.lottery.config.LotteryConfig - Result objektum felt√∂lt√©se a lott√≥sz√°mok √°tlag√°val
09:46:54.667 [main] DEBUG com.lottery.config.LotteryConfig - kieSession sikeresen l√©trej√∂tt
09:46:54.667 [main] DEBUG com.lottery.config.LotteryConfig - Result objektum felt√∂lt√©se a lott√≥sz√°mok √°tlag√°val
09:46:55.308 [main] DEBUG com.lottery.config.LotteryConfig - kieSession sikeresen l√©trej√∂tt
09:46:55.308 [main] DEBUG com.lottery.config.LotteryConfig - Result objektum felt√∂lt√©se a lott√≥sz√°mok √°tlag√°val
09:46:55.964 [main] DEBUG com.lottery.config.LotteryConfig - kieSession sikeresen l√©trej√∂tt
09:46:55.964 [main] DEBUG com.lottery.config.LotteryConfig - 4-es ar√°nya az 5-√∂s tal√°latokhoz eredm√©ny gener√°l√°sa
09:46:56.527 [main] DEBUG com.lottery.config.LotteryConfig - kieSession sikeresen l√©trej√∂tt
09:46:56.527 [main] DEBUG com.lottery.config.LotteryConfig - 4-es ar√°nya az 5-√∂s tal√°latokhoz eredm√©ny gener√°l√°sa
09:46:57.073 [main] DEBUG com.lottery.config.LotteryConfig - kieSession sikeresen l√©trej√∂tt
09:46:57.089 [main] DEBUG com.lottery.config.LotteryConfig - 4-es ar√°nya az 5-√∂s tal√°latokhoz eredm√©ny gener√°l√°sa
09:46:57.890 [main] DEBUG com.lottery.config.LotteryConfig - kieSession sikeresen l√©trej√∂tt
09:46:57.905 [main] DEBUG com.lottery.config.LotteryConfig - 4-es ar√°nya az 5-√∂s tal√°latokhoz eredm√©ny gener√°l√°sa
09:46:58.593 [main] DEBUG com.lottery.config.LotteryConfig - kieSession sikeresen l√©trej√∂tt
09:46:58.608 [main] DEBUG com.lottery.config.LotteryConfig - lott√≥sz√°mok lista l√©trehoz√°sa
09:46:58.608 [main] DEBUG com.lottery.config.LotteryConfig - kih√∫zott sz√°mok √∂sszesz√°mol√°sa
09:46:58.608 [main] DEBUG com.lottery.config.LotteryConfig - kih√∫zott sz√°mok sorbarendezve.
09:46:58.608 [main] DEBUG com.lottery.config.LotteryConfig - eredm√©ny gener√°l√°sa
09:46:59.127 [main] DEBUG com.lottery.config.LotteryConfig - kieSession sikeresen l√©trej√∂tt
09:46:59.127 [main] DEBUG com.lottery.config.LotteryConfig - lott√≥sz√°mok lista l√©trehoz√°sa
09:46:59.127 [main] DEBUG com.lottery.config.LotteryConfig - kih√∫zott sz√°mok √∂sszesz√°mol√°sa
09:46:59.127 [main] DEBUG com.lottery.config.LotteryConfig - kih√∫zott sz√°mok sorbarendezve.
09:46:59.127 [main] DEBUG com.lottery.config.LotteryConfig - eredm√©ny gener√°l√°sa
09:46:59.868 [main] DEBUG com.lottery.config.LotteryConfig - kieSession sikeresen l√©trej√∂tt
09:46:59.868 [main] DEBUG com.lottery.config.LotteryConfig - lott√≥sz√°mok lista l√©trehoz√°sa
09:46:59.868 [main] DEBUG com.lottery.config.LotteryConfig - kih√∫zott sz√°mok √∂sszesz√°mol√°sa
09:46:59.868 [main] DEBUG com.lottery.config.LotteryConfig - kih√∫zott sz√°mok sorbarendezve.
09:46:59.868 [main] DEBUG com.lottery.config.LotteryConfig - eredm√©ny gener√°l√°sa
09:47:00.462 [main] DEBUG com.lottery.config.LotteryConfig - kieSession sikeresen l√©trej√∂tt
09:47:00.462 [main] DEBUG com.lottery.config.LotteryConfig - lott√≥sz√°mok lista l√©trehoz√°sa
09:47:00.462 [main] DEBUG com.lottery.config.LotteryConfig - kih√∫zott sz√°mok √∂sszesz√°mol√°sa
09:47:00.462 [main] DEBUG com.lottery.config.LotteryConfig - kih√∫zott sz√°mok sorbarendezve.
09:47:00.462 [main] DEBUG com.lottery.config.LotteryConfig - eredm√©ny gener√°l√°sa
09:47:01.478 [main] DEBUG com.lottery.config.LotteryConfig - kieSession sikeresen l√©trej√∂tt
09:47:01.478 [main] DEBUG com.lottery.config.LotteryConfig - Most Frequently Occurring Pairs fut√°s: INDUL
09:47:01.478 [main] DEBUG com.lottery.config.LotteryConfig - mFOPLogic h√≠v√°sa a drawlist √∂sszes elem√©re: INDUL
09:47:01.478 [main] DEBUG com.lottery.config.LotteryConfig - mFOPLogic h√≠v√°sa a drawlist √∂sszes elem√©re: V√âGE
09:47:01.478 [main] DEBUG com.lottery.config.LotteryConfig - resultFiller fut√°s: INDUL
09:47:01.478 [main] DEBUG com.lottery.config.LotteryConfig - resultFiller fut√°s: V√âGE
09:47:01.478 [main] DEBUG com.lottery.config.LotteryConfig - Most Frequently Occurring Pairs fut√°s: V√âGE
09:47:02.022 [main] DEBUG com.lottery.config.LotteryConfig - kieSession sikeresen l√©trej√∂tt
09:47:02.022 [main] DEBUG com.lottery.config.LotteryConfig - Most Frequently Occurring Pairs fut√°s: INDUL
09:47:02.022 [main] DEBUG com.lottery.config.LotteryConfig - mFOPLogic h√≠v√°sa a drawlist √∂sszes elem√©re: INDUL
09:47:02.022 [main] DEBUG com.lottery.config.LotteryConfig - mFOPLogic h√≠v√°sa a drawlist √∂sszes elem√©re: V√âGE
09:47:02.022 [main] DEBUG com.lottery.config.LotteryConfig - resultFiller fut√°s: INDUL
09:47:02.022 [main] DEBUG com.lottery.config.LotteryConfig - resultFiller fut√°s: V√âGE
09:47:02.022 [main] DEBUG com.lottery.config.LotteryConfig - Most Frequently Occurring Pairs fut√°s: V√âGE
09:47:02.803 [main] DEBUG com.lottery.config.LotteryConfig - kieSession sikeresen l√©trej√∂tt
09:47:02.803 [main] DEBUG com.lottery.config.LotteryConfig - Most Frequently Occurring Pairs fut√°s: INDUL
09:47:02.803 [main] DEBUG com.lottery.config.LotteryConfig - mFOPLogic h√≠v√°sa a drawlist √∂sszes elem√©re: INDUL
09:47:02.803 [main] DEBUG com.lottery.config.LotteryConfig - mFOPLogic h√≠v√°sa a drawlist √∂sszes elem√©re: V√âGE
09:47:02.803 [main] DEBUG com.lottery.config.LotteryConfig - resultFiller fut√°s: INDUL
09:47:02.818 [main] DEBUG com.lottery.config.LotteryConfig - resultFiller fut√°s: V√âGE
09:47:02.818 [main] DEBUG com.lottery.config.LotteryConfig - Most Frequently Occurring Pairs fut√°s: V√âGE
09:47:03.600 [main] DEBUG com.lottery.config.LotteryConfig - kieSession sikeresen l√©trej√∂tt
09:47:03.600 [main] DEBUG com.lottery.config.LotteryConfig - Most Frequently Occurring Pairs fut√°s: INDUL
09:47:03.600 [main] DEBUG com.lottery.config.LotteryConfig - mFOPLogic h√≠v√°sa a drawlist √∂sszes elem√©re: INDUL
09:47:03.600 [main] DEBUG com.lottery.config.LotteryConfig - mFOPLogic h√≠v√°sa a drawlist √∂sszes elem√©re: V√âGE
09:47:03.600 [main] DEBUG com.lottery.config.LotteryConfig - resultFiller fut√°s: INDUL
09:47:03.600 [main] DEBUG com.lottery.config.LotteryConfig - resultFiller fut√°s: V√âGE
09:47:03.600 [main] DEBUG com.lottery.config.LotteryConfig - Most Frequently Occurring Pairs fut√°s: V√âGE
09:47:04.100 [main] DEBUG com.lottery.config.LotteryConfig - kieSession sikeresen l√©trej√∂tt
09:47:04.100 [main] DEBUG com.lottery.config.LotteryConfig - Most Frequently Occurring Pairs fut√°s: INDUL
09:47:04.100 [main] DEBUG com.lottery.config.LotteryConfig - mFOPLogic h√≠v√°sa a drawlist √∂sszes elem√©re: INDUL
09:47:04.100 [main] DEBUG com.lottery.config.LotteryConfig - mFOPLogic h√≠v√°sa a drawlist √∂sszes elem√©re: V√âGE
09:47:04.100 [main] DEBUG com.lottery.config.LotteryConfig - resultFiller fut√°s: INDUL
09:47:04.100 [main] DEBUG com.lottery.config.LotteryConfig - resultFiller fut√°s: V√âGE
09:47:04.100 [main] DEBUG com.lottery.config.LotteryConfig - Most Frequently Occurring Pairs fut√°s: V√âGE
09:47:04.662 [main] DEBUG com.lottery.config.LotteryConfig - kieSession sikeresen l√©trej√∂tt
09:47:04.662 [main] DEBUG com.lottery.config.LotteryConfig - Most Frequently Occurring Pairs fut√°s: INDUL
09:47:04.662 [main] DEBUG com.lottery.config.LotteryConfig - mFOPLogic h√≠v√°sa a drawlist √∂sszes elem√©re: INDUL
09:47:04.662 [main] DEBUG com.lottery.config.LotteryConfig - mFOPLogic h√≠v√°sa a drawlist √∂sszes elem√©re: V√âGE
09:47:04.662 [main] DEBUG com.lottery.config.LotteryConfig - resultFiller fut√°s: INDUL
09:47:04.662 [main] DEBUG com.lottery.config.LotteryConfig - resultFiller fut√°s: V√âGE
09:47:04.662 [main] DEBUG com.lottery.config.LotteryConfig - Most Frequently Occurring Pairs fut√°s: V√âGE
09:47:05.209 [main] DEBUG com.lottery.config.LotteryConfig - kieSession sikeresen l√©trej√∂tt
09:47:05.209 [main] DEBUG com.lottery.config.LotteryConfig - Most Frequently Occurring Pairs fut√°s: INDUL
09:47:05.209 [main] DEBUG com.lottery.config.LotteryConfig - mFOPLogic h√≠v√°sa a drawlist √∂sszes elem√©re: INDUL
09:47:05.225 [main] DEBUG com.lottery.config.LotteryConfig - mFOPLogic h√≠v√°sa a drawlist √∂sszes elem√©re: V√âGE
09:47:05.225 [main] DEBUG com.lottery.config.LotteryConfig - resultFiller fut√°s: INDUL
09:47:05.225 [main] DEBUG com.lottery.config.LotteryConfig - resultFiller fut√°s: V√âGE
09:47:05.225 [main] DEBUG com.lottery.config.LotteryConfig - Most Frequently Occurring Pairs fut√°s: V√âGE
09:47:05.662 [main] DEBUG com.lottery.config.LotteryConfig - kieSession sikeresen l√©trej√∂tt
09:47:05.662 [main] DEBUG com.lottery.config.LotteryConfig - Lott√≥sz√°mok gener√°l√°sa 1-t≈ël 90-ig
09:47:05.662 [main] DEBUG com.lottery.config.LotteryConfig - Lott√≥sz√°mok gyakoris√°g√°nak felt√∂lt√©se input adatok alapj√°n
09:47:05.662 [main] DEBUG com.lottery.config.LotteryConfig - Node objektumok sorbarendez√©se gyakoris√°g szerint
09:47:05.662 [main] DEBUG com.lottery.config.LotteryConfig - Result objektum felt√∂lt√©se a legritk√°bban el≈ëfordul√≥ sz√°mokkal
09:47:06.100 [main] DEBUG com.lottery.config.LotteryConfig - kieSession sikeresen l√©trej√∂tt
09:47:06.100 [main] DEBUG com.lottery.config.LotteryConfig - Lott√≥sz√°mok gener√°l√°sa 1-t≈ël 90-ig
09:47:06.100 [main] DEBUG com.lottery.config.LotteryConfig - Lott√≥sz√°mok gyakoris√°g√°nak felt√∂lt√©se input adatok alapj√°n
09:47:06.100 [main] DEBUG com.lottery.config.LotteryConfig - Node objektumok sorbarendez√©se gyakoris√°g szerint
09:47:06.100 [main] DEBUG com.lottery.config.LotteryConfig - Result objektum felt√∂lt√©se a legritk√°bban el≈ëfordul√≥ sz√°mokkal
09:47:06.669 [main] DEBUG com.lottery.config.LotteryConfig - kieSession sikeresen l√©trej√∂tt
09:47:06.672 [main] DEBUG com.lottery.config.LotteryConfig - Lott√≥sz√°mok gener√°l√°sa 1-t≈ël 90-ig
09:47:06.672 [main] DEBUG com.lottery.config.LotteryConfig - Lott√≥sz√°mok gyakoris√°g√°nak felt√∂lt√©se input adatok alapj√°n
09:47:06.673 [main] DEBUG com.lottery.config.LotteryConfig - Node objektumok sorbarendez√©se gyakoris√°g szerint
09:47:06.674 [main] DEBUG com.lottery.config.LotteryConfig - Result objektum felt√∂lt√©se a legritk√°bban el≈ëfordul√≥ sz√°mokkal
09:47:07.344 [main] DEBUG com.lottery.config.LotteryConfig - kieSession sikeresen l√©trej√∂tt
09:47:07.435 [main] DEBUG com.lottery.config.LotteryConfig - Lott√≥sz√°mok gener√°l√°sa 1-t≈ël 90-ig
09:47:07.436 [main] DEBUG com.lottery.config.LotteryConfig - Lott√≥sz√°mok gyakoris√°g√°nak felt√∂lt√©se input adatok alapj√°n
09:47:07.436 [main] DEBUG com.lottery.config.LotteryConfig - Node objektumok sorbarendez√©se gyakoris√°g szerint
09:47:07.436 [main] DEBUG com.lottery.config.LotteryConfig - Result objektum felt√∂lt√©se a legritk√°bban el≈ëfordul√≥ sz√°mokkal
09:47:07.954 [main] DEBUG com.lottery.config.LotteryConfig - kieSession sikeresen l√©trej√∂tt
09:47:07.957 [main] DEBUG com.lottery.config.LotteryConfig - Lott√≥sz√°mok gener√°l√°sa 1-t≈ël 90-ig
09:47:07.958 [main] DEBUG com.lottery.config.LotteryConfig - Lott√≥sz√°mok gyakoris√°g√°nak felt√∂lt√©se input adatok alapj√°n
09:47:07.959 [main] DEBUG com.lottery.config.LotteryConfig - Node objektumok sorbarendez√©se gyakoris√°g szerint
09:47:07.968 [main] DEBUG com.lottery.config.LotteryConfig - Result objektum felt√∂lt√©se a legritk√°bban el≈ëfordul√≥ sz√°mokkal
09:49:32.928 [main] DEBUG com.lottery.config.LotteryConfig - kieSession sikeresen lÈtrejˆtt
09:49:33.053 [main] DEBUG com.lottery.config.LotteryConfig - Average Time Between Two Match Five Draws fut√°s: INDUL
09:49:33.053 [main] DEBUG com.lottery.config.LotteryConfig - findAverageTimeBetweenTwoFiveMatchDraws fut√°s: INDUL
09:49:33.053 [main] DEBUG com.lottery.config.LotteryConfig - findAverageTimeBetweenTwoFiveMatchDraws fut√°s: V√âGE
09:49:33.053 [main] DEBUG com.lottery.config.LotteryConfig - Average Time Between Two Match Five Draws fut√°s: V√âGE
09:49:33.194 [main] DEBUG com.lottery.config.LotteryConfig - kieSession sikeresen lÈtrejˆtt
09:49:33.194 [main] DEBUG com.lottery.config.LotteryConfig - Average Time Between Two Match Five Draws fut√°s: INDUL
09:49:33.194 [main] DEBUG com.lottery.config.LotteryConfig - findAverageTimeBetweenTwoFiveMatchDraws fut√°s: INDUL
09:49:33.194 [main] DEBUG com.lottery.config.LotteryConfig - findAverageTimeBetweenTwoFiveMatchDraws fut√°s: V√âGE
09:49:33.194 [main] DEBUG com.lottery.config.LotteryConfig - Average Time Between Two Match Five Draws fut√°s: V√âGE
09:49:33.241 [main] DEBUG com.lottery.config.LotteryConfig - kieSession sikeresen lÈtrejˆtt
09:49:33.256 [main] DEBUG com.lottery.config.LotteryConfig - Average Time Between Two Match Five Draws fut√°s: INDUL
09:49:33.256 [main] DEBUG com.lottery.config.LotteryConfig - findAverageTimeBetweenTwoFiveMatchDraws fut√°s: INDUL
09:49:33.256 [main] DEBUG com.lottery.config.LotteryConfig - findAverageTimeBetweenTwoFiveMatchDraws fut√°s: V√âGE
09:49:33.256 [main] DEBUG com.lottery.config.LotteryConfig - Average Time Between Two Match Five Draws fut√°s: V√âGE
09:49:33.303 [main] DEBUG com.lottery.config.LotteryConfig - kieSession sikeresen lÈtrejˆtt
09:49:33.319 [main] DEBUG com.lottery.config.LotteryConfig - Average Time Between Two Match Five Draws fut√°s: INDUL
09:49:33.319 [main] DEBUG com.lottery.config.LotteryConfig - findAverageTimeBetweenTwoFiveMatchDraws fut√°s: INDUL
09:49:33.319 [main] DEBUG com.lottery.config.LotteryConfig - findAverageTimeBetweenTwoFiveMatchDraws fut√°s: V√âGE
09:49:33.319 [main] DEBUG com.lottery.config.LotteryConfig - Average Time Between Two Match Five Draws fut√°s: V√âGE
09:49:33.381 [main] DEBUG com.lottery.config.LotteryConfig - kieSession sikeresen lÈtrejˆtt
09:49:33.381 [main] DEBUG com.lottery.config.LotteryConfig - Average Time Between Two Match Five Draws fut√°s: INDUL
09:49:33.381 [main] DEBUG com.lottery.config.LotteryConfig - findAverageTimeBetweenTwoFiveMatchDraws fut√°s: INDUL
09:49:33.381 [main] DEBUG com.lottery.config.LotteryConfig - findAverageTimeBetweenTwoFiveMatchDraws fut√°s: V√âGE
09:49:33.381 [main] DEBUG com.lottery.config.LotteryConfig - Average Time Between Two Match Five Draws fut√°s: V√âGE
09:49:33.428 [main] DEBUG com.lottery.config.LotteryConfig - kieSession sikeresen lÈtrejˆtt
09:49:33.428 [main] DEBUG com.lottery.config.LotteryConfig - Average Time Between Two Match Five Draws fut√°s: INDUL
09:49:33.428 [main] DEBUG com.lottery.config.LotteryConfig - findAverageTimeBetweenTwoFiveMatchDraws fut√°s: INDUL
09:49:33.444 [main] DEBUG com.lottery.config.LotteryConfig - findAverageTimeBetweenTwoFiveMatchDraws fut√°s: V√âGE
09:49:33.444 [main] DEBUG com.lottery.config.LotteryConfig - Average Time Between Two Match Five Draws fut√°s: V√âGE
09:49:33.491 [main] DEBUG com.lottery.config.LotteryConfig - kieSession sikeresen lÈtrejˆtt
09:49:33.506 [main] DEBUG com.lottery.config.LotteryConfig - Result objektum felt√∂lt√©se a lott√≥sz√°mok √°tlag√°val
09:49:33.506 [main] DEBUG com.lottery.config.LotteryConfig - Result objektum felt√∂lt√©se a lott√≥sz√°mok √°tlag√°val
09:49:33.553 [main] DEBUG com.lottery.config.LotteryConfig - kieSession sikeresen lÈtrejˆtt
09:49:33.553 [main] DEBUG com.lottery.config.LotteryConfig - Result objektum felt√∂lt√©se a lott√≥sz√°mok √°tlag√°val
09:49:33.600 [main] DEBUG com.lottery.config.LotteryConfig - kieSession sikeresen lÈtrejˆtt
09:49:33.616 [main] DEBUG com.lottery.config.LotteryConfig - Result objektum felt√∂lt√©se a lott√≥sz√°mok √°tlag√°val
09:49:33.616 [main] DEBUG com.lottery.config.LotteryConfig - Result objektum felt√∂lt√©se a lott√≥sz√°mok √°tlag√°val
09:49:33.647 [main] DEBUG com.lottery.config.LotteryConfig - kieSession sikeresen lÈtrejˆtt
09:49:33.647 [main] DEBUG com.lottery.config.LotteryConfig - Result objektum felt√∂lt√©se a lott√≥sz√°mok √°tlag√°val
09:49:33.725 [main] DEBUG com.lottery.config.LotteryConfig - kieSession sikeresen lÈtrejˆtt
09:49:33.725 [main] DEBUG com.lottery.config.LotteryConfig - Result objektum felt√∂lt√©se a lott√≥sz√°mok √°tlag√°val
09:49:33.782 [main] DEBUG com.lottery.config.LotteryConfig - kieSession sikeresen lÈtrejˆtt
09:49:33.787 [main] DEBUG com.lottery.config.LotteryConfig - 4-es ar√°nya az 5-√∂s tal√°latokhoz eredm√©ny gener√°l√°sa
09:49:33.823 [main] DEBUG com.lottery.config.LotteryConfig - kieSession sikeresen lÈtrejˆtt
09:49:33.823 [main] DEBUG com.lottery.config.LotteryConfig - 4-es ar√°nya az 5-√∂s tal√°latokhoz eredm√©ny gener√°l√°sa
09:49:33.886 [main] DEBUG com.lottery.config.LotteryConfig - kieSession sikeresen lÈtrejˆtt
09:49:33.886 [main] DEBUG com.lottery.config.LotteryConfig - 4-es ar√°nya az 5-√∂s tal√°latokhoz eredm√©ny gener√°l√°sa
09:49:33.933 [main] DEBUG com.lottery.config.LotteryConfig - kieSession sikeresen lÈtrejˆtt
09:49:33.933 [main] DEBUG com.lottery.config.LotteryConfig - 4-es ar√°nya az 5-√∂s tal√°latokhoz eredm√©ny gener√°l√°sa
09:49:33.995 [main] DEBUG com.lottery.config.LotteryConfig - kieSession sikeresen lÈtrejˆtt
09:49:33.995 [main] DEBUG com.lottery.config.LotteryConfig - lott√≥sz√°mok lista l√©trehoz√°sa
09:49:33.995 [main] DEBUG com.lottery.config.LotteryConfig - kih√∫zott sz√°mok √∂sszesz√°mol√°sa
09:49:33.995 [main] DEBUG com.lottery.config.LotteryConfig - kih√∫zott sz√°mok sorbarendezve.
09:49:33.995 [main] DEBUG com.lottery.config.LotteryConfig - eredm√©ny gener√°l√°sa
09:49:34.058 [main] DEBUG com.lottery.config.LotteryConfig - kieSession sikeresen lÈtrejˆtt
09:49:34.058 [main] DEBUG com.lottery.config.LotteryConfig - lott√≥sz√°mok lista l√©trehoz√°sa
09:49:34.058 [main] DEBUG com.lottery.config.LotteryConfig - kih√∫zott sz√°mok √∂sszesz√°mol√°sa
09:49:34.058 [main] DEBUG com.lottery.config.LotteryConfig - kih√∫zott sz√°mok sorbarendezve.
09:49:34.058 [main] DEBUG com.lottery.config.LotteryConfig - eredm√©ny gener√°l√°sa
09:49:34.089 [main] DEBUG com.lottery.config.LotteryConfig - kieSession sikeresen lÈtrejˆtt
09:49:34.104 [main] DEBUG com.lottery.config.LotteryConfig - lott√≥sz√°mok lista l√©trehoz√°sa
09:49:34.120 [main] DEBUG com.lottery.config.LotteryConfig - kih√∫zott sz√°mok √∂sszesz√°mol√°sa
09:49:34.120 [main] DEBUG com.lottery.config.LotteryConfig - kih√∫zott sz√°mok sorbarendezve.
09:49:34.120 [main] DEBUG com.lottery.config.LotteryConfig - eredm√©ny gener√°l√°sa
09:49:34.151 [main] DEBUG com.lottery.config.LotteryConfig - kieSession sikeresen lÈtrejˆtt
09:49:34.151 [main] DEBUG com.lottery.config.LotteryConfig - lott√≥sz√°mok lista l√©trehoz√°sa
09:49:34.151 [main] DEBUG com.lottery.config.LotteryConfig - kih√∫zott sz√°mok √∂sszesz√°mol√°sa
09:49:34.151 [main] DEBUG com.lottery.config.LotteryConfig - kih√∫zott sz√°mok sorbarendezve.
09:49:34.151 [main] DEBUG com.lottery.config.LotteryConfig - eredm√©ny gener√°l√°sa
09:49:34.214 [main] DEBUG com.lottery.config.LotteryConfig - kieSession sikeresen lÈtrejˆtt
09:49:34.229 [main] DEBUG com.lottery.config.LotteryConfig - Most Frequently Occurring Pairs fut√°s: INDUL
09:49:34.229 [main] DEBUG com.lottery.config.LotteryConfig - mFOPLogic h√≠v√°sa a drawlist √∂sszes elem√©re: INDUL
09:49:34.229 [main] DEBUG com.lottery.config.LotteryConfig - mFOPLogic h√≠v√°sa a drawlist √∂sszes elem√©re: V√âGE
09:49:34.229 [main] DEBUG com.lottery.config.LotteryConfig - resultFiller fut√°s: INDUL
09:49:34.229 [main] DEBUG com.lottery.config.LotteryConfig - resultFiller fut√°s: V√âGE
09:49:34.229 [main] DEBUG com.lottery.config.LotteryConfig - Most Frequently Occurring Pairs fut√°s: V√âGE
09:49:34.261 [main] DEBUG com.lottery.config.LotteryConfig - kieSession sikeresen lÈtrejˆtt
09:49:34.261 [main] DEBUG com.lottery.config.LotteryConfig - Most Frequently Occurring Pairs fut√°s: INDUL
09:49:34.261 [main] DEBUG com.lottery.config.LotteryConfig - mFOPLogic h√≠v√°sa a drawlist √∂sszes elem√©re: INDUL
09:49:34.261 [main] DEBUG com.lottery.config.LotteryConfig - mFOPLogic h√≠v√°sa a drawlist √∂sszes elem√©re: V√âGE
09:49:34.276 [main] DEBUG com.lottery.config.LotteryConfig - resultFiller fut√°s: INDUL
09:49:34.276 [main] DEBUG com.lottery.config.LotteryConfig - resultFiller fut√°s: V√âGE
09:49:34.276 [main] DEBUG com.lottery.config.LotteryConfig - Most Frequently Occurring Pairs fut√°s: V√âGE
09:49:34.323 [main] DEBUG com.lottery.config.LotteryConfig - kieSession sikeresen lÈtrejˆtt
09:49:34.323 [main] DEBUG com.lottery.config.LotteryConfig - Most Frequently Occurring Pairs fut√°s: INDUL
09:49:34.323 [main] DEBUG com.lottery.config.LotteryConfig - mFOPLogic h√≠v√°sa a drawlist √∂sszes elem√©re: INDUL
09:49:34.323 [main] DEBUG com.lottery.config.LotteryConfig - mFOPLogic h√≠v√°sa a drawlist √∂sszes elem√©re: V√âGE
09:49:34.323 [main] DEBUG com.lottery.config.LotteryConfig - resultFiller fut√°s: INDUL
09:49:34.323 [main] DEBUG com.lottery.config.LotteryConfig - resultFiller fut√°s: V√âGE
09:49:34.323 [main] DEBUG com.lottery.config.LotteryConfig - Most Frequently Occurring Pairs fut√°s: V√âGE
09:49:34.386 [main] DEBUG com.lottery.config.LotteryConfig - kieSession sikeresen lÈtrejˆtt
09:49:34.386 [main] DEBUG com.lottery.config.LotteryConfig - Most Frequently Occurring Pairs fut√°s: INDUL
09:49:34.386 [main] DEBUG com.lottery.config.LotteryConfig - mFOPLogic h√≠v√°sa a drawlist √∂sszes elem√©re: INDUL
09:49:34.386 [main] DEBUG com.lottery.config.LotteryConfig - mFOPLogic h√≠v√°sa a drawlist √∂sszes elem√©re: V√âGE
09:49:34.386 [main] DEBUG com.lottery.config.LotteryConfig - resultFiller fut√°s: INDUL
09:49:34.386 [main] DEBUG com.lottery.config.LotteryConfig - resultFiller fut√°s: V√âGE
09:49:34.386 [main] DEBUG com.lottery.config.LotteryConfig - Most Frequently Occurring Pairs fut√°s: V√âGE
09:49:34.433 [main] DEBUG com.lottery.config.LotteryConfig - kieSession sikeresen lÈtrejˆtt
09:49:34.433 [main] DEBUG com.lottery.config.LotteryConfig - Most Frequently Occurring Pairs fut√°s: INDUL
09:49:34.433 [main] DEBUG com.lottery.config.LotteryConfig - mFOPLogic h√≠v√°sa a drawlist √∂sszes elem√©re: INDUL
09:49:34.433 [main] DEBUG com.lottery.config.LotteryConfig - mFOPLogic h√≠v√°sa a drawlist √∂sszes elem√©re: V√âGE
09:49:34.433 [main] DEBUG com.lottery.config.LotteryConfig - resultFiller fut√°s: INDUL
09:49:34.433 [main] DEBUG com.lottery.config.LotteryConfig - resultFiller fut√°s: V√âGE
09:49:34.433 [main] DEBUG com.lottery.config.LotteryConfig - Most Frequently Occurring Pairs fut√°s: V√âGE
09:49:34.479 [main] DEBUG com.lottery.config.LotteryConfig - kieSession sikeresen lÈtrejˆtt
09:49:34.479 [main] DEBUG com.lottery.config.LotteryConfig - Most Frequently Occurring Pairs fut√°s: INDUL
09:49:34.479 [main] DEBUG com.lottery.config.LotteryConfig - mFOPLogic h√≠v√°sa a drawlist √∂sszes elem√©re: INDUL
09:49:34.479 [main] DEBUG com.lottery.config.LotteryConfig - mFOPLogic h√≠v√°sa a drawlist √∂sszes elem√©re: V√âGE
09:49:34.479 [main] DEBUG com.lottery.config.LotteryConfig - resultFiller fut√°s: INDUL
09:49:34.479 [main] DEBUG com.lottery.config.LotteryConfig - resultFiller fut√°s: V√âGE
09:49:34.479 [main] DEBUG com.lottery.config.LotteryConfig - Most Frequently Occurring Pairs fut√°s: V√âGE
09:49:34.511 [main] DEBUG com.lottery.config.LotteryConfig - kieSession sikeresen lÈtrejˆtt
09:49:34.526 [main] DEBUG com.lottery.config.LotteryConfig - Most Frequently Occurring Pairs fut√°s: INDUL
09:49:34.526 [main] DEBUG com.lottery.config.LotteryConfig - mFOPLogic h√≠v√°sa a drawlist √∂sszes elem√©re: INDUL
09:49:34.526 [main] DEBUG com.lottery.config.LotteryConfig - mFOPLogic h√≠v√°sa a drawlist √∂sszes elem√©re: V√âGE
09:49:34.526 [main] DEBUG com.lottery.config.LotteryConfig - resultFiller fut√°s: INDUL
09:49:34.526 [main] DEBUG com.lottery.config.LotteryConfig - resultFiller fut√°s: V√âGE
09:49:34.526 [main] DEBUG com.lottery.config.LotteryConfig - Most Frequently Occurring Pairs fut√°s: V√âGE
09:49:34.589 [main] DEBUG com.lottery.config.LotteryConfig - kieSession sikeresen lÈtrejˆtt
09:49:34.589 [main] DEBUG com.lottery.config.LotteryConfig - Lott√≥sz√°mok gener√°l√°sa 1-t≈ël 90-ig
09:49:34.589 [main] DEBUG com.lottery.config.LotteryConfig - Lott√≥sz√°mok gyakoris√°g√°nak felt√∂lt√©se input adatok alapj√°n
09:49:34.589 [main] DEBUG com.lottery.config.LotteryConfig - Node objektumok sorbarendez√©se gyakoris√°g szerint
09:49:34.589 [main] DEBUG com.lottery.config.LotteryConfig - Result objektum felt√∂lt√©se a legritk√°bban el≈ëfordul√≥ sz√°mokkal
09:49:34.620 [main] DEBUG com.lottery.config.LotteryConfig - kieSession sikeresen lÈtrejˆtt
09:49:34.620 [main] DEBUG com.lottery.config.LotteryConfig - Lott√≥sz√°mok gener√°l√°sa 1-t≈ël 90-ig
09:49:34.620 [main] DEBUG com.lottery.config.LotteryConfig - Lott√≥sz√°mok gyakoris√°g√°nak felt√∂lt√©se input adatok alapj√°n
09:49:34.620 [main] DEBUG com.lottery.config.LotteryConfig - Node objektumok sorbarendez√©se gyakoris√°g szerint
09:49:34.620 [main] DEBUG com.lottery.config.LotteryConfig - Result objektum felt√∂lt√©se a legritk√°bban el≈ëfordul√≥ sz√°mokkal
09:49:34.667 [main] DEBUG com.lottery.config.LotteryConfig - kieSession sikeresen lÈtrejˆtt
09:49:34.667 [main] DEBUG com.lottery.config.LotteryConfig - Lott√≥sz√°mok gener√°l√°sa 1-t≈ël 90-ig
09:49:34.667 [main] DEBUG com.lottery.config.LotteryConfig - Lott√≥sz√°mok gyakoris√°g√°nak felt√∂lt√©se input adatok alapj√°n
09:49:34.667 [main] DEBUG com.lottery.config.LotteryConfig - Node objektumok sorbarendez√©se gyakoris√°g szerint
09:49:34.667 [main] DEBUG com.lottery.config.LotteryConfig - Result objektum felt√∂lt√©se a legritk√°bban el≈ëfordul√≥ sz√°mokkal
09:49:34.698 [main] DEBUG com.lottery.config.LotteryConfig - kieSession sikeresen lÈtrejˆtt
09:49:34.698 [main] DEBUG com.lottery.config.LotteryConfig - Lott√≥sz√°mok gener√°l√°sa 1-t≈ël 90-ig
09:49:34.698 [main] DEBUG com.lottery.config.LotteryConfig - Lott√≥sz√°mok gyakoris√°g√°nak felt√∂lt√©se input adatok alapj√°n
09:49:34.698 [main] DEBUG com.lottery.config.LotteryConfig - Node objektumok sorbarendez√©se gyakoris√°g szerint
09:49:34.698 [main] DEBUG com.lottery.config.LotteryConfig - Result objektum felt√∂lt√©se a legritk√°bban el≈ëfordul√≥ sz√°mokkal
09:49:34.729 [main] DEBUG com.lottery.config.LotteryConfig - kieSession sikeresen lÈtrejˆtt
09:49:34.729 [main] DEBUG com.lottery.config.LotteryConfig - Lott√≥sz√°mok gener√°l√°sa 1-t≈ël 90-ig
09:49:34.729 [main] DEBUG com.lottery.config.LotteryConfig - Lott√≥sz√°mok gyakoris√°g√°nak felt√∂lt√©se input adatok alapj√°n
09:49:34.729 [main] DEBUG com.lottery.config.LotteryConfig - Node objektumok sorbarendez√©se gyakoris√°g szerint
09:49:34.729 [main] DEBUG com.lottery.config.LotteryConfig - Result objektum felt√∂lt√©se a legritk√°bban el≈ëfordul√≥ sz√°mokkal
09:58:57.226 [main] DEBUG com.lottery.config.LotteryConfig - kieSession sikeresen lÈtrejˆtt
09:58:57.382 [main] DEBUG com.lottery.config.LotteryConfig - Average Time Between Two Match Five Draws fut√°s: INDUL
09:58:57.382 [main] DEBUG com.lottery.config.LotteryConfig - findAverageTimeBetweenTwoFiveMatchDraws fut√°s: INDUL
09:58:57.382 [main] DEBUG com.lottery.config.LotteryConfig - findAverageTimeBetweenTwoFiveMatchDraws fut√°s: V√âGE
09:58:57.382 [main] DEBUG com.lottery.config.LotteryConfig - Average Time Between Two Match Five Draws fut√°s: V√âGE
09:58:57.492 [main] DEBUG com.lottery.config.LotteryConfig - kieSession sikeresen lÈtrejˆtt
09:58:57.492 [main] DEBUG com.lottery.config.LotteryConfig - Average Time Between Two Match Five Draws fut√°s: INDUL
09:58:57.492 [main] DEBUG com.lottery.config.LotteryConfig - findAverageTimeBetweenTwoFiveMatchDraws fut√°s: INDUL
09:58:57.492 [main] DEBUG com.lottery.config.LotteryConfig - findAverageTimeBetweenTwoFiveMatchDraws fut√°s: V√âGE
09:58:57.492 [main] DEBUG com.lottery.config.LotteryConfig - Average Time Between Two Match Five Draws fut√°s: V√âGE
09:58:57.554 [main] DEBUG com.lottery.config.LotteryConfig - kieSession sikeresen lÈtrejˆtt
09:58:57.554 [main] DEBUG com.lottery.config.LotteryConfig - Average Time Between Two Match Five Draws fut√°s: INDUL
09:58:57.554 [main] DEBUG com.lottery.config.LotteryConfig - findAverageTimeBetweenTwoFiveMatchDraws fut√°s: INDUL
09:58:57.554 [main] DEBUG com.lottery.config.LotteryConfig - findAverageTimeBetweenTwoFiveMatchDraws fut√°s: V√âGE
09:58:57.554 [main] DEBUG com.lottery.config.LotteryConfig - Average Time Between Two Match Five Draws fut√°s: V√âGE
09:58:57.617 [main] DEBUG com.lottery.config.LotteryConfig - kieSession sikeresen lÈtrejˆtt
09:58:57.617 [main] DEBUG com.lottery.config.LotteryConfig - Average Time Between Two Match Five Draws fut√°s: INDUL
09:58:57.617 [main] DEBUG com.lottery.config.LotteryConfig - findAverageTimeBetweenTwoFiveMatchDraws fut√°s: INDUL
09:58:57.617 [main] DEBUG com.lottery.config.LotteryConfig - findAverageTimeBetweenTwoFiveMatchDraws fut√°s: V√âGE
09:58:57.617 [main] DEBUG com.lottery.config.LotteryConfig - Average Time Between Two Match Five Draws fut√°s: V√âGE
09:58:57.679 [main] DEBUG com.lottery.config.LotteryConfig - kieSession sikeresen lÈtrejˆtt
09:58:57.695 [main] DEBUG com.lottery.config.LotteryConfig - Average Time Between Two Match Five Draws fut√°s: INDUL
09:58:57.695 [main] DEBUG com.lottery.config.LotteryConfig - findAverageTimeBetweenTwoFiveMatchDraws fut√°s: INDUL
09:58:57.695 [main] DEBUG com.lottery.config.LotteryConfig - findAverageTimeBetweenTwoFiveMatchDraws fut√°s: V√âGE
09:58:57.695 [main] DEBUG com.lottery.config.LotteryConfig - Average Time Between Two Match Five Draws fut√°s: V√âGE
09:58:57.757 [main] DEBUG com.lottery.config.LotteryConfig - kieSession sikeresen lÈtrejˆtt
09:58:57.757 [main] DEBUG com.lottery.config.LotteryConfig - Average Time Between Two Match Five Draws fut√°s: INDUL
09:58:57.757 [main] DEBUG com.lottery.config.LotteryConfig - findAverageTimeBetweenTwoFiveMatchDraws fut√°s: INDUL
09:58:57.757 [main] DEBUG com.lottery.config.LotteryConfig - findAverageTimeBetweenTwoFiveMatchDraws fut√°s: V√âGE
09:58:57.757 [main] DEBUG com.lottery.config.LotteryConfig - Average Time Between Two Match Five Draws fut√°s: V√âGE
09:58:57.820 [main] DEBUG com.lottery.config.LotteryConfig - kieSession sikeresen lÈtrejˆtt
09:58:57.851 [main] DEBUG com.lottery.config.LotteryConfig - Result objektum felt√∂lt√©se a lott√≥sz√°mok √°tlag√°val
09:58:57.851 [main] DEBUG com.lottery.config.LotteryConfig - Result objektum felt√∂lt√©se a lott√≥sz√°mok √°tlag√°val
09:58:57.882 [main] DEBUG com.lottery.config.LotteryConfig - kieSession sikeresen lÈtrejˆtt
09:58:57.898 [main] DEBUG com.lottery.config.LotteryConfig - Result objektum felt√∂lt√©se a lott√≥sz√°mok √°tlag√°val
09:58:57.929 [main] DEBUG com.lottery.config.LotteryConfig - kieSession sikeresen lÈtrejˆtt
09:58:57.945 [main] DEBUG com.lottery.config.LotteryConfig - Result objektum felt√∂lt√©se a lott√≥sz√°mok √°tlag√°val
09:58:57.945 [main] DEBUG com.lottery.config.LotteryConfig - Result objektum felt√∂lt√©se a lott√≥sz√°mok √°tlag√°val
09:58:57.992 [main] DEBUG com.lottery.config.LotteryConfig - kieSession sikeresen lÈtrejˆtt
09:58:58.007 [main] DEBUG com.lottery.config.LotteryConfig - Result objektum felt√∂lt√©se a lott√≥sz√°mok √°tlag√°val
09:58:58.070 [main] DEBUG com.lottery.config.LotteryConfig - kieSession sikeresen lÈtrejˆtt
09:58:58.070 [main] DEBUG com.lottery.config.LotteryConfig - Result objektum felt√∂lt√©se a lott√≥sz√°mok √°tlag√°val
09:58:58.117 [main] DEBUG com.lottery.config.LotteryConfig - kieSession sikeresen lÈtrejˆtt
09:58:58.132 [main] DEBUG com.lottery.config.LotteryConfig - 4-es ar√°nya az 5-√∂s tal√°latokhoz eredm√©ny gener√°l√°sa
09:58:58.164 [main] DEBUG com.lottery.config.LotteryConfig - kieSession sikeresen lÈtrejˆtt
09:58:58.164 [main] DEBUG com.lottery.config.LotteryConfig - 4-es ar√°nya az 5-√∂s tal√°latokhoz eredm√©ny gener√°l√°sa
09:58:58.242 [main] DEBUG com.lottery.config.LotteryConfig - kieSession sikeresen lÈtrejˆtt
09:58:58.242 [main] DEBUG com.lottery.config.LotteryConfig - 4-es ar√°nya az 5-√∂s tal√°latokhoz eredm√©ny gener√°l√°sa
09:58:58.304 [main] DEBUG com.lottery.config.LotteryConfig - kieSession sikeresen lÈtrejˆtt
09:58:58.304 [main] DEBUG com.lottery.config.LotteryConfig - 4-es ar√°nya az 5-√∂s tal√°latokhoz eredm√©ny gener√°l√°sa
09:58:58.351 [main] DEBUG com.lottery.config.LotteryConfig - kieSession sikeresen lÈtrejˆtt
09:58:58.351 [main] DEBUG com.lottery.config.LotteryConfig - lott√≥sz√°mok lista l√©trehoz√°sa
09:58:58.351 [main] DEBUG com.lottery.config.LotteryConfig - kih√∫zott sz√°mok √∂sszesz√°mol√°sa
09:58:58.351 [main] DEBUG com.lottery.config.LotteryConfig - kih√∫zott sz√°mok sorbarendezve.
09:58:58.351 [main] DEBUG com.lottery.config.LotteryConfig - eredm√©ny gener√°l√°sa
09:58:58.398 [main] DEBUG com.lottery.config.LotteryConfig - kieSession sikeresen lÈtrejˆtt
09:58:58.398 [main] DEBUG com.lottery.config.LotteryConfig - lott√≥sz√°mok lista l√©trehoz√°sa
09:58:58.398 [main] DEBUG com.lottery.config.LotteryConfig - kih√∫zott sz√°mok √∂sszesz√°mol√°sa
09:58:58.398 [main] DEBUG com.lottery.config.LotteryConfig - kih√∫zott sz√°mok sorbarendezve.
09:58:58.398 [main] DEBUG com.lottery.config.LotteryConfig - eredm√©ny gener√°l√°sa
09:58:58.429 [main] DEBUG com.lottery.config.LotteryConfig - kieSession sikeresen lÈtrejˆtt
09:58:58.445 [main] DEBUG com.lottery.config.LotteryConfig - lott√≥sz√°mok lista l√©trehoz√°sa
09:58:58.445 [main] DEBUG com.lottery.config.LotteryConfig - kih√∫zott sz√°mok √∂sszesz√°mol√°sa
09:58:58.445 [main] DEBUG com.lottery.config.LotteryConfig - kih√∫zott sz√°mok sorbarendezve.
09:58:58.445 [main] DEBUG com.lottery.config.LotteryConfig - eredm√©ny gener√°l√°sa
09:58:58.476 [main] DEBUG com.lottery.config.LotteryConfig - kieSession sikeresen lÈtrejˆtt
09:58:58.476 [main] DEBUG com.lottery.config.LotteryConfig - lott√≥sz√°mok lista l√©trehoz√°sa
09:58:58.476 [main] DEBUG com.lottery.config.LotteryConfig - kih√∫zott sz√°mok √∂sszesz√°mol√°sa
09:58:58.476 [main] DEBUG com.lottery.config.LotteryConfig - kih√∫zott sz√°mok sorbarendezve.
09:58:58.476 [main] DEBUG com.lottery.config.LotteryConfig - eredm√©ny gener√°l√°sa
09:58:58.523 [main] DEBUG com.lottery.config.LotteryConfig - kieSession sikeresen lÈtrejˆtt
09:58:58.523 [main] DEBUG com.lottery.config.LotteryConfig - Most Frequently Occurring Pairs fut√°s: INDUL
09:58:58.523 [main] DEBUG com.lottery.config.LotteryConfig - mFOPLogic h√≠v√°sa a drawlist √∂sszes elem√©re: INDUL
09:58:58.523 [main] DEBUG com.lottery.config.LotteryConfig - mFOPLogic h√≠v√°sa a drawlist √∂sszes elem√©re: V√âGE
09:58:58.523 [main] DEBUG com.lottery.config.LotteryConfig - resultFiller fut√°s: INDUL
09:58:58.554 [main] DEBUG com.lottery.config.LotteryConfig - resultFiller fut√°s: V√âGE
09:58:58.554 [main] DEBUG com.lottery.config.LotteryConfig - Most Frequently Occurring Pairs fut√°s: V√âGE
09:58:58.585 [main] DEBUG com.lottery.config.LotteryConfig - kieSession sikeresen lÈtrejˆtt
09:58:58.601 [main] DEBUG com.lottery.config.LotteryConfig - Most Frequently Occurring Pairs fut√°s: INDUL
09:58:58.601 [main] DEBUG com.lottery.config.LotteryConfig - mFOPLogic h√≠v√°sa a drawlist √∂sszes elem√©re: INDUL
09:58:58.601 [main] DEBUG com.lottery.config.LotteryConfig - mFOPLogic h√≠v√°sa a drawlist √∂sszes elem√©re: V√âGE
09:58:58.601 [main] DEBUG com.lottery.config.LotteryConfig - resultFiller fut√°s: INDUL
09:58:58.601 [main] DEBUG com.lottery.config.LotteryConfig - resultFiller fut√°s: V√âGE
09:58:58.601 [main] DEBUG com.lottery.config.LotteryConfig - Most Frequently Occurring Pairs fut√°s: V√âGE
09:58:58.648 [main] DEBUG com.lottery.config.LotteryConfig - kieSession sikeresen lÈtrejˆtt
09:58:58.664 [main] DEBUG com.lottery.config.LotteryConfig - Most Frequently Occurring Pairs fut√°s: INDUL
09:58:58.664 [main] DEBUG com.lottery.config.LotteryConfig - mFOPLogic h√≠v√°sa a drawlist √∂sszes elem√©re: INDUL
09:58:58.664 [main] DEBUG com.lottery.config.LotteryConfig - mFOPLogic h√≠v√°sa a drawlist √∂sszes elem√©re: V√âGE
09:58:58.664 [main] DEBUG com.lottery.config.LotteryConfig - resultFiller fut√°s: INDUL
09:58:58.664 [main] DEBUG com.lottery.config.LotteryConfig - resultFiller fut√°s: V√âGE
09:58:58.664 [main] DEBUG com.lottery.config.LotteryConfig - Most Frequently Occurring Pairs fut√°s: V√âGE
09:58:58.695 [main] DEBUG com.lottery.config.LotteryConfig - kieSession sikeresen lÈtrejˆtt
09:58:58.695 [main] DEBUG com.lottery.config.LotteryConfig - Most Frequently Occurring Pairs fut√°s: INDUL
09:58:58.695 [main] DEBUG com.lottery.config.LotteryConfig - mFOPLogic h√≠v√°sa a drawlist √∂sszes elem√©re: INDUL
09:58:58.695 [main] DEBUG com.lottery.config.LotteryConfig - mFOPLogic h√≠v√°sa a drawlist √∂sszes elem√©re: V√âGE
09:58:58.710 [main] DEBUG com.lottery.config.LotteryConfig - resultFiller fut√°s: INDUL
09:58:58.710 [main] DEBUG com.lottery.config.LotteryConfig - resultFiller fut√°s: V√âGE
09:58:58.710 [main] DEBUG com.lottery.config.LotteryConfig - Most Frequently Occurring Pairs fut√°s: V√âGE
09:58:58.757 [main] DEBUG com.lottery.config.LotteryConfig - kieSession sikeresen lÈtrejˆtt
09:58:58.757 [main] DEBUG com.lottery.config.LotteryConfig - Most Frequently Occurring Pairs fut√°s: INDUL
09:58:58.757 [main] DEBUG com.lottery.config.LotteryConfig - mFOPLogic h√≠v√°sa a drawlist √∂sszes elem√©re: INDUL
09:58:58.757 [main] DEBUG com.lottery.config.LotteryConfig - mFOPLogic h√≠v√°sa a drawlist √∂sszes elem√©re: V√âGE
09:58:58.757 [main] DEBUG com.lottery.config.LotteryConfig - resultFiller fut√°s: INDUL
09:58:58.757 [main] DEBUG com.lottery.config.LotteryConfig - resultFiller fut√°s: V√âGE
09:58:58.757 [main] DEBUG com.lottery.config.LotteryConfig - Most Frequently Occurring Pairs fut√°s: V√âGE
09:58:58.789 [main] DEBUG com.lottery.config.LotteryConfig - kieSession sikeresen lÈtrejˆtt
09:58:58.789 [main] DEBUG com.lottery.config.LotteryConfig - Most Frequently Occurring Pairs fut√°s: INDUL
09:58:58.789 [main] DEBUG com.lottery.config.LotteryConfig - mFOPLogic h√≠v√°sa a drawlist √∂sszes elem√©re: INDUL
09:58:58.789 [main] DEBUG com.lottery.config.LotteryConfig - mFOPLogic h√≠v√°sa a drawlist √∂sszes elem√©re: V√âGE
09:58:58.789 [main] DEBUG com.lottery.config.LotteryConfig - resultFiller fut√°s: INDUL
09:58:58.804 [main] DEBUG com.lottery.config.LotteryConfig - resultFiller fut√°s: V√âGE
09:58:58.804 [main] DEBUG com.lottery.config.LotteryConfig - Most Frequently Occurring Pairs fut√°s: V√âGE
09:58:58.835 [main] DEBUG com.lottery.config.LotteryConfig - kieSession sikeresen lÈtrejˆtt
09:58:58.835 [main] DEBUG com.lottery.config.LotteryConfig - Most Frequently Occurring Pairs fut√°s: INDUL
09:58:58.835 [main] DEBUG com.lottery.config.LotteryConfig - mFOPLogic h√≠v√°sa a drawlist √∂sszes elem√©re: INDUL
09:58:58.835 [main] DEBUG com.lottery.config.LotteryConfig - mFOPLogic h√≠v√°sa a drawlist √∂sszes elem√©re: V√âGE
09:58:58.835 [main] DEBUG com.lottery.config.LotteryConfig - resultFiller fut√°s: INDUL
09:58:58.835 [main] DEBUG com.lottery.config.LotteryConfig - resultFiller fut√°s: V√âGE
09:58:58.835 [main] DEBUG com.lottery.config.LotteryConfig - Most Frequently Occurring Pairs fut√°s: V√âGE
09:58:58.898 [main] DEBUG com.lottery.config.LotteryConfig - kieSession sikeresen lÈtrejˆtt
09:58:58.898 [main] DEBUG com.lottery.config.LotteryConfig - Lott√≥sz√°mok gener√°l√°sa 1-t≈ël 90-ig
09:58:58.898 [main] DEBUG com.lottery.config.LotteryConfig - Lott√≥sz√°mok gyakoris√°g√°nak felt√∂lt√©se input adatok alapj√°n
09:58:58.898 [main] DEBUG com.lottery.config.LotteryConfig - Node objektumok sorbarendez√©se gyakoris√°g szerint
09:58:58.898 [main] DEBUG com.lottery.config.LotteryConfig - Result objektum felt√∂lt√©se a legritk√°bban el≈ëfordul√≥ sz√°mokkal
09:58:58.945 [main] DEBUG com.lottery.config.LotteryConfig - kieSession sikeresen lÈtrejˆtt
09:58:58.945 [main] DEBUG com.lottery.config.LotteryConfig - Lott√≥sz√°mok gener√°l√°sa 1-t≈ël 90-ig
09:58:58.945 [main] DEBUG com.lottery.config.LotteryConfig - Lott√≥sz√°mok gyakoris√°g√°nak felt√∂lt√©se input adatok alapj√°n
09:58:58.960 [main] DEBUG com.lottery.config.LotteryConfig - Node objektumok sorbarendez√©se gyakoris√°g szerint
09:58:58.960 [main] DEBUG com.lottery.config.LotteryConfig - Result objektum felt√∂lt√©se a legritk√°bban el≈ëfordul√≥ sz√°mokkal
09:58:58.992 [main] DEBUG com.lottery.config.LotteryConfig - kieSession sikeresen lÈtrejˆtt
09:58:58.992 [main] DEBUG com.lottery.config.LotteryConfig - Lott√≥sz√°mok gener√°l√°sa 1-t≈ël 90-ig
09:58:58.992 [main] DEBUG com.lottery.config.LotteryConfig - Lott√≥sz√°mok gyakoris√°g√°nak felt√∂lt√©se input adatok alapj√°n
09:58:58.992 [main] DEBUG com.lottery.config.LotteryConfig - Node objektumok sorbarendez√©se gyakoris√°g szerint
09:58:58.992 [main] DEBUG com.lottery.config.LotteryConfig - Result objektum felt√∂lt√©se a legritk√°bban el≈ëfordul√≥ sz√°mokkal
09:58:59.023 [main] DEBUG com.lottery.config.LotteryConfig - kieSession sikeresen lÈtrejˆtt
09:58:59.023 [main] DEBUG com.lottery.config.LotteryConfig - Lott√≥sz√°mok gener√°l√°sa 1-t≈ël 90-ig
09:58:59.023 [main] DEBUG com.lottery.config.LotteryConfig - Lott√≥sz√°mok gyakoris√°g√°nak felt√∂lt√©se input adatok alapj√°n
09:58:59.023 [main] DEBUG com.lottery.config.LotteryConfig - Node objektumok sorbarendez√©se gyakoris√°g szerint
09:58:59.023 [main] DEBUG com.lottery.config.LotteryConfig - Result objektum felt√∂lt√©se a legritk√°bban el≈ëfordul√≥ sz√°mokkal
09:58:59.070 [main] DEBUG com.lottery.config.LotteryConfig - kieSession sikeresen lÈtrejˆtt
09:58:59.085 [main] DEBUG com.lottery.config.LotteryConfig - Lott√≥sz√°mok gener√°l√°sa 1-t≈ël 90-ig
09:58:59.085 [main] DEBUG com.lottery.config.LotteryConfig - Lott√≥sz√°mok gyakoris√°g√°nak felt√∂lt√©se input adatok alapj√°n
09:58:59.085 [main] DEBUG com.lottery.config.LotteryConfig - Node objektumok sorbarendez√©se gyakoris√°g szerint
09:58:59.085 [main] DEBUG com.lottery.config.LotteryConfig - Result objektum felt√∂lt√©se a legritk√°bban el≈ëfordul√≥ sz√°mokkal
